2025-05-12 13:11:54,224 - pulseras_inteligentes.utils.etl_funcs - INFO - ETL ETL_INSERTAR_NODOS_OBJETIVOS: INICIADO
2025-05-12 13:11:55,710 - pulseras_inteligentes.utils.etl_funcs - INFO - Conexión con DB de grafo de usuarios establecida correctamente.
2025-05-12 13:11:55,710 - pulseras_inteligentes.utils.etl_funcs - INFO - Configurados 4 objetivos para inserción
2025-05-12 13:11:56,041 - pulseras_inteligentes.utils.etl_funcs - INFO - Objetivo 'Caminatas diarias' (ID: 1) insertado en Neo4j
2025-05-12 13:11:56,362 - pulseras_inteligentes.utils.etl_funcs - INFO - Objetivo 'Reposo consciente' (ID: 2) insertado en Neo4j
2025-05-12 13:11:56,707 - pulseras_inteligentes.utils.etl_funcs - INFO - Objetivo 'Control de glucosa' (ID: 3) insertado en Neo4j
2025-05-12 13:11:57,033 - pulseras_inteligentes.utils.etl_funcs - INFO - Objetivo 'Sueño reparador' (ID: 4) insertado en Neo4j
2025-05-12 13:11:57,033 - pulseras_inteligentes.utils.etl_funcs - INFO - Nodos de objetivos insertados: 4 en total
2025-05-12 13:11:57,034 - pulseras_inteligentes.utils.etl_funcs - INFO - ETL ETL_INSERTAR_NODOS_OBJETIVOS: COMPLETADO
2025-05-12 13:12:10,955 - pulseras_inteligentes.utils.etl_funcs - INFO - ETL ETL_INSERTAR_NODOS_ACTIVIDADES: INICIADO
2025-05-12 13:12:12,430 - pulseras_inteligentes.utils.etl_funcs - INFO - Conexión con DB de grafo de usuarios establecida correctamente.
2025-05-12 13:12:12,431 - pulseras_inteligentes.utils.etl_funcs - INFO - Configuradas 5 actividades para inserción
2025-05-12 13:12:12,779 - pulseras_inteligentes.utils.etl_funcs - INFO - Actividad 'caminar' (ID: 1) insertada en Neo4j
2025-05-12 13:12:13,160 - pulseras_inteligentes.utils.etl_funcs - INFO - Actividad 'correr' (ID: 2) insertada en Neo4j
2025-05-12 13:12:13,523 - pulseras_inteligentes.utils.etl_funcs - INFO - Actividad 'ciclismo' (ID: 3) insertada en Neo4j
2025-05-12 13:12:13,896 - pulseras_inteligentes.utils.etl_funcs - INFO - Actividad 'entrenamiento_fuerza' (ID: 4) insertada en Neo4j
2025-05-12 13:12:14,289 - pulseras_inteligentes.utils.etl_funcs - INFO - Actividad 'yoga' (ID: 5) insertada en Neo4j
2025-05-12 13:12:14,289 - pulseras_inteligentes.utils.etl_funcs - INFO - Nodos de actividades insertados: 5 en total
2025-05-12 13:12:14,290 - pulseras_inteligentes.utils.etl_funcs - INFO - ETL ETL_INSERTAR_NODOS_ACTIVIDADES: COMPLETADO
2025-05-12 13:12:19,146 - pulseras_inteligentes.utils.etl_funcs - INFO - ETL ETL_INSERTAR_NODOS_USUARIOS: INICIADO
2025-05-12 13:12:20,020 - pulseras_inteligentes.utils.etl_funcs - INFO - Conexión con DB de sensores establecida correctamente.
2025-05-12 13:12:21,507 - pulseras_inteligentes.utils.etl_funcs - INFO - Conexión con DB de grafo de usuarios establecida correctamente.
2025-05-12 13:12:21,546 - pulseras_inteligentes.utils.etl_funcs - INFO - Extraídos 5 usuarios de MongoDB.
2025-05-12 13:12:21,889 - pulseras_inteligentes.utils.etl_funcs - INFO - Usuario Ana Gómez (ID: 1) insertado en Neo4j.
2025-05-12 13:12:22,230 - pulseras_inteligentes.utils.etl_funcs - INFO - Usuario Luis Martínez (ID: 2) insertado en Neo4j.
2025-05-12 13:12:22,554 - pulseras_inteligentes.utils.etl_funcs - INFO - Usuario Sofía Pérez (ID: 3) insertado en Neo4j.
2025-05-12 13:12:22,884 - pulseras_inteligentes.utils.etl_funcs - INFO - Usuario Diego Torres (ID: 4) insertado en Neo4j.
2025-05-12 13:12:23,209 - pulseras_inteligentes.utils.etl_funcs - INFO - Usuario Alex Rivera (ID: 5) insertado en Neo4j.
2025-05-12 13:12:23,209 - pulseras_inteligentes.utils.etl_funcs - INFO - Total de 5 usuarios cargados en Neo4j.
2025-05-12 13:12:23,209 - pulseras_inteligentes.utils.etl_funcs - INFO - ETL_INSERTAR_NODOS_USUARIOS: Proceso completado con éxito.
2025-05-12 13:12:23,248 - pulseras_inteligentes.utils.etl_funcs - INFO - ETL ETL_INSERTAR_NODOS_USUARIOS: COMPLETADO
